<?xml version="1.0" encoding="UTF-8"?>
<robot generator="Robot 7.0 (Python 3.12.3 on win32)" generated="2024-06-07T18:21:45.949712" rpa="false" schemaversion="5">
<suite id="s1" name="Basliklar" source="c:\Users\zehra\Desktop\Pyhton\RF\Basliklar.robot">
<test id="s1-t1" name="Bu benim ilk testim" line="4">
<kw name="Log To Console" owner="BuiltIn">
<arg>Bu benim ilk robot framework mesajim</arg>
<doc>Logs the given message to the console.</doc>
<status status="PASS" start="2024-06-07T18:21:46.028778" elapsed="0.000000"/>
</kw>
<status status="PASS" start="2024-06-07T18:21:46.028778" elapsed="0.000000"/>
</test>
<status status="PASS" start="2024-06-07T18:21:45.981479" elapsed="0.062921"/>
</suite>
<statistics>
<total>
<stat pass="1" fail="0" skip="0">All Tests</stat>
</total>
<tag>
</tag>
<suite>
<stat pass="1" fail="0" skip="0" id="s1" name="Basliklar">Basliklar</stat>
</suite>
</statistics>
<errors>
</errors>
</robot>
